<?xml version="1.0" encoding="UTF-8"?>
<!-- Generated by org.testng.reporters.JUnitReportReporter -->
<testsuite hostname="HPab214tx" name="Tests.HomeFeature" tests="2" failures="0" timestamp="4 Apr 2019 06:52:12 GMT" time="36.892" errors="0">
  <testcase name="testlogoutSuccess" time="21.369" classname="Tests.HomeFeature"/>
  <testcase name="testloginsuccess" time="15.523" classname="Tests.HomeFeature"/>
</testsuite> <!-- Tests.HomeFeature -->
