<?xml version="1.0" encoding="UTF-8"?>
<!-- Generated by org.testng.reporters.JUnitReportReporter -->
<testsuite hostname="HPab214tx" name="Tests.ChangePwdFeature" tests="1" failures="0" timestamp="4 Apr 2019 10:24:46 GMT" time="53.604" errors="0">
  <testcase name="testChangePassword" time="53.604" classname="Tests.ChangePwdFeature"/>
</testsuite> <!-- Tests.ChangePwdFeature -->
