<?xml version="1.0" encoding="UTF-8"?>
<!-- Generated by org.testng.reporters.JUnitReportReporter -->
<testsuite hostname="HPab214tx" name="Tests.AddEmployementFeature" tests="1" failures="0" timestamp="5 Apr 2019 10:34:39 GMT" time="38.312" errors="0">
  <testcase name="testEmployerNameValueSuccess" time="38.312" classname="Tests.AddEmployementFeature"/>
</testsuite> <!-- Tests.AddEmployementFeature -->
