<?xml version="1.0" encoding="UTF-8"?>
<!-- Generated by org.testng.reporters.JUnitReportReporter -->
<testsuite hostname="HPab214tx" name="Tests.LoginFeature" tests="4" failures="0" timestamp="3 Apr 2019 05:39:32 GMT" time="26.169" errors="0">
  <testcase name="testloginfailure3" time="7.729" classname="Tests.LoginFeature"/>
  <testcase name="testloginfailure1" time="4.167" classname="Tests.LoginFeature"/>
  <testcase name="testloginfailure2" time="3.801" classname="Tests.LoginFeature"/>
  <testcase name="testloginsuccess" time="10.472" classname="Tests.LoginFeature"/>
</testsuite> <!-- Tests.LoginFeature -->
